2024-12-24 20:53:05 - Starting UserServiceApplication using Java 22.0.1 with PID 10932 (C:\Users\ediga\OneDrive\Documents\springboot\ecommerce\userservice\target\classes started by ediga in C:\Users\ediga\OneDrive\Documents\springboot\ecommerce\userservice)
2024-12-24 20:53:05 - No active profile set, falling back to 1 default profile: "default"
2024-12-24 20:53:06 - Bootstrapping Spring Data JPA repositories in DEFAULT mode.
2024-12-24 20:53:07 - Finished Spring Data repository scanning in 113 ms. Found 1 JPA repository interface.
2024-12-24 20:53:07 - BeanFactory id=a6e367b0-f67a-30d0-9e6d-1f5f8bc8cca4
2024-12-24 20:53:08 - Tomcat initialized with port 8081 (http)
2024-12-24 20:53:08 - Starting service [Tomcat]
2024-12-24 20:53:08 - Starting Servlet engine: [Apache Tomcat/10.1.34]
2024-12-24 20:53:08 - Initializing Spring embedded WebApplicationContext
2024-12-24 20:53:08 - Root WebApplicationContext: initialization completed in 2396 ms
2024-12-24 20:53:08 - HHH000204: Processing PersistenceUnitInfo [name: default]
2024-12-24 20:53:08 - HHH000412: Hibernate ORM core version 6.6.4.Final
2024-12-24 20:53:08 - HHH000026: Second-level cache disabled
2024-12-24 20:53:09 - No LoadTimeWeaver setup: ignoring JPA class transformer
2024-12-24 20:53:09 - HikariPool - Starting...
2024-12-24 20:53:09 - HikariPool - Added connection com.mysql.cj.jdbc.ConnectionImpl@60cc20e1
2024-12-24 20:53:09 - HikariPool - Start completed.
2024-12-24 20:53:09 - HHH10001005: Database info:
	Database JDBC URL [Connecting through datasource 'HikariDataSource (HikariPool)']
	Database driver: undefined/unknown
	Database version: 8.0.39
	Autocommit mode: undefined/unknown
	Isolation level: undefined/unknown
	Minimum pool size: undefined/unknown
	Maximum pool size: undefined/unknown
2024-12-24 20:53:10 - HHH000489: No JTA platform available (set 'hibernate.transaction.jta.platform' to enable JTA platform integration)
2024-12-24 20:53:10 - Initialized JPA EntityManagerFactory for persistence unit 'default'
2024-12-24 20:53:10 - spring.jpa.open-in-view is enabled by default. Therefore, database queries may be performed during view rendering. Explicitly configure spring.jpa.open-in-view to disable this warning
2024-12-24 20:53:10 - For 'order-service' URL not provided. Will try picking an instance via load-balancing.
2024-12-24 20:53:12 - Eureka HTTP Client uses RestTemplate.
2024-12-24 20:53:12 - Spring Cloud LoadBalancer is currently working with the default cache. While this cache implementation is useful for development and tests, it's recommended to use Caffeine cache in production.You can switch to using Caffeine cache, by adding it and org.springframework.cache.caffeine.CaffeineCacheManager to the classpath.
2024-12-24 20:53:12 - Setting initial instance status as: STARTING
2024-12-24 20:53:12 - Initializing Eureka in region us-east-1
2024-12-24 20:53:12 - Resolving eureka endpoints via configuration
2024-12-24 20:53:12 - Disable delta property : false
2024-12-24 20:53:12 - Single vip registry refresh property : null
2024-12-24 20:53:12 - Force full registry fetch : false
2024-12-24 20:53:12 - Application is null : false
2024-12-24 20:53:12 - Registered Applications size is zero : true
2024-12-24 20:53:12 - Application version is -1: true
2024-12-24 20:53:12 - Getting all instance registry info from the eureka server
2024-12-24 20:53:12 - The response status is 200
2024-12-24 20:53:12 - Starting heartbeat executor: renew interval is: 30
2024-12-24 20:53:12 - InstanceInfoReplicator onDemand update allowed rate per min is 4
2024-12-24 20:53:12 - Discovery Client initialized at timestamp 1735053792580 with initial instances count: 1
2024-12-24 20:53:12 - Registering application USER-SERVICE with eureka with status UP
2024-12-24 20:53:12 - Saw local status change event StatusChangeEvent [timestamp=1735053792595, current=UP, previous=STARTING]
2024-12-24 20:53:12 - DiscoveryClient_USER-SERVICE/ASUS.mshome.net:user-service:8081: registering service...
2024-12-24 20:53:12 - Tomcat started on port 8081 (http) with context path '/'
2024-12-24 20:53:12 - Updating port to 8081
2024-12-24 20:53:12 - Started UserServiceApplication in 7.374 seconds (process running for 8.023)
2024-12-24 20:53:12 - DiscoveryClient_USER-SERVICE/ASUS.mshome.net:user-service:8081 - registration status: 204
2024-12-24 20:54:17 - Starting UserServiceApplication using Java 22.0.1 with PID 9572 (C:\Users\ediga\OneDrive\Documents\springboot\ecommerce\userservice\target\classes started by ediga in C:\Users\ediga\OneDrive\Documents\springboot\ecommerce\userservice)
2024-12-24 20:54:17 - No active profile set, falling back to 1 default profile: "default"
2024-12-24 20:54:18 - Bootstrapping Spring Data JPA repositories in DEFAULT mode.
2024-12-24 20:54:18 - Finished Spring Data repository scanning in 107 ms. Found 1 JPA repository interface.
2024-12-24 20:54:19 - BeanFactory id=a6e367b0-f67a-30d0-9e6d-1f5f8bc8cca4
2024-12-24 20:54:20 - Tomcat initialized with port 8081 (http)
2024-12-24 20:54:20 - Starting service [Tomcat]
2024-12-24 20:54:20 - Starting Servlet engine: [Apache Tomcat/10.1.34]
2024-12-24 20:54:20 - Initializing Spring embedded WebApplicationContext
2024-12-24 20:54:20 - Root WebApplicationContext: initialization completed in 2509 ms
2024-12-24 20:54:20 - HHH000204: Processing PersistenceUnitInfo [name: default]
2024-12-24 20:54:20 - HHH000412: Hibernate ORM core version 6.6.4.Final
2024-12-24 20:54:20 - HHH000026: Second-level cache disabled
2024-12-24 20:54:20 - No LoadTimeWeaver setup: ignoring JPA class transformer
2024-12-24 20:54:20 - HikariPool - Starting...
2024-12-24 20:54:21 - HikariPool - Added connection com.mysql.cj.jdbc.ConnectionImpl@4a49919c
2024-12-24 20:54:21 - HikariPool - Start completed.
2024-12-24 20:54:21 - HHH10001005: Database info:
	Database JDBC URL [Connecting through datasource 'HikariDataSource (HikariPool)']
	Database driver: undefined/unknown
	Database version: 8.0.39
	Autocommit mode: undefined/unknown
	Isolation level: undefined/unknown
	Minimum pool size: undefined/unknown
	Maximum pool size: undefined/unknown
2024-12-24 20:54:22 - HHH000489: No JTA platform available (set 'hibernate.transaction.jta.platform' to enable JTA platform integration)
2024-12-24 20:54:22 - Initialized JPA EntityManagerFactory for persistence unit 'default'
2024-12-24 20:54:22 - spring.jpa.open-in-view is enabled by default. Therefore, database queries may be performed during view rendering. Explicitly configure spring.jpa.open-in-view to disable this warning
2024-12-24 20:54:22 - For 'order-service' URL not provided. Will try picking an instance via load-balancing.
2024-12-24 20:54:24 - Eureka HTTP Client uses RestTemplate.
2024-12-24 20:54:24 - Spring Cloud LoadBalancer is currently working with the default cache. While this cache implementation is useful for development and tests, it's recommended to use Caffeine cache in production.You can switch to using Caffeine cache, by adding it and org.springframework.cache.caffeine.CaffeineCacheManager to the classpath.
2024-12-24 20:54:24 - Setting initial instance status as: STARTING
2024-12-24 20:54:24 - Initializing Eureka in region us-east-1
2024-12-24 20:54:24 - Resolving eureka endpoints via configuration
2024-12-24 20:54:24 - Disable delta property : false
2024-12-24 20:54:24 - Single vip registry refresh property : null
2024-12-24 20:54:24 - Force full registry fetch : false
2024-12-24 20:54:24 - Application is null : false
2024-12-24 20:54:24 - Registered Applications size is zero : true
2024-12-24 20:54:24 - Application version is -1: true
2024-12-24 20:54:24 - Getting all instance registry info from the eureka server
2024-12-24 20:54:24 - The response status is 200
2024-12-24 20:54:24 - Starting heartbeat executor: renew interval is: 30
2024-12-24 20:54:24 - InstanceInfoReplicator onDemand update allowed rate per min is 4
2024-12-24 20:54:24 - Discovery Client initialized at timestamp 1735053864701 with initial instances count: 0
2024-12-24 20:54:24 - Registering application USER-SERVICE with eureka with status UP
2024-12-24 20:54:24 - Saw local status change event StatusChangeEvent [timestamp=1735053864711, current=UP, previous=STARTING]
2024-12-24 20:54:24 - DiscoveryClient_USER-SERVICE/ASUS.mshome.net:user-service:8081: registering service...
2024-12-24 20:54:24 - Tomcat started on port 8081 (http) with context path '/'
2024-12-24 20:54:24 - Updating port to 8081
2024-12-24 20:54:24 - Started UserServiceApplication in 7.866 seconds (process running for 8.475)
2024-12-24 20:54:24 - DiscoveryClient_USER-SERVICE/ASUS.mshome.net:user-service:8081 - registration status: 204
2024-12-24 20:54:54 - Disable delta property : false
2024-12-24 20:54:54 - Single vip registry refresh property : null
2024-12-24 20:54:54 - Force full registry fetch : false
2024-12-24 20:54:54 - Application is null : false
2024-12-24 20:54:54 - Registered Applications size is zero : true
2024-12-24 20:54:54 - Application version is -1: false
2024-12-24 20:54:54 - Getting all instance registry info from the eureka server
2024-12-24 20:54:54 - The response status is 200
