2024-12-24 20:54:37 - Starting OrderServiceApplication using Java 22.0.1 with PID 7868 (C:\Users\ediga\OneDrive\Documents\springboot\ecommerce\orderservice\target\classes started by ediga in C:\Users\ediga\OneDrive\Documents\springboot\ecommerce\orderservice)
2024-12-24 20:54:37 - No active profile set, falling back to 1 default profile: "default"
2024-12-24 20:54:37 - Devtools property defaults active! Set 'spring.devtools.add-properties' to 'false' to disable
2024-12-24 20:54:37 - For additional web related logging consider setting the 'logging.level.web' property to 'DEBUG'
2024-12-24 20:54:38 - Bootstrapping Spring Data JPA repositories in DEFAULT mode.
2024-12-24 20:54:38 - Finished Spring Data repository scanning in 108 ms. Found 1 JPA repository interface.
2024-12-24 20:54:38 - BeanFactory id=0295b3bc-cfa3-31c9-ba87-ab7ff1c9021a
2024-12-24 20:54:39 - Tomcat initialized with port 8084 (http)
2024-12-24 20:54:39 - Starting service [Tomcat]
2024-12-24 20:54:39 - Starting Servlet engine: [Apache Tomcat/10.1.34]
2024-12-24 20:54:39 - Initializing Spring embedded WebApplicationContext
2024-12-24 20:54:39 - Root WebApplicationContext: initialization completed in 2670 ms
2024-12-24 20:54:40 - HHH000204: Processing PersistenceUnitInfo [name: default]
2024-12-24 20:54:40 - HHH000412: Hibernate ORM core version 6.6.4.Final
2024-12-24 20:54:40 - HHH000026: Second-level cache disabled
2024-12-24 20:54:40 - No LoadTimeWeaver setup: ignoring JPA class transformer
2024-12-24 20:54:40 - HikariPool-1 - Starting...
2024-12-24 20:54:41 - HikariPool-1 - Added connection com.mysql.cj.jdbc.ConnectionImpl@a82ae5
2024-12-24 20:54:41 - HikariPool-1 - Start completed.
2024-12-24 20:54:41 - HHH10001005: Database info:
	Database JDBC URL [Connecting through datasource 'HikariDataSource (HikariPool-1)']
	Database driver: undefined/unknown
	Database version: 8.0.39
	Autocommit mode: undefined/unknown
	Isolation level: undefined/unknown
	Minimum pool size: undefined/unknown
	Maximum pool size: undefined/unknown
2024-12-24 20:54:41 - HHH000489: No JTA platform available (set 'hibernate.transaction.jta.platform' to enable JTA platform integration)
2024-12-24 20:54:41 - Initialized JPA EntityManagerFactory for persistence unit 'default'
2024-12-24 20:54:42 - spring.jpa.open-in-view is enabled by default. Therefore, database queries may be performed during view rendering. Explicitly configure spring.jpa.open-in-view to disable this warning
2024-12-24 20:54:43 - LiveReload server is running on port 35729
2024-12-24 20:54:43 - Eureka HTTP Client uses RestTemplate.
2024-12-24 20:54:43 - Spring Cloud LoadBalancer is currently working with the default cache. While this cache implementation is useful for development and tests, it's recommended to use Caffeine cache in production.You can switch to using Caffeine cache, by adding it and org.springframework.cache.caffeine.CaffeineCacheManager to the classpath.
2024-12-24 20:54:43 - Exposing 1 endpoint beneath base path '/actuator'
2024-12-24 20:54:43 - Setting initial instance status as: STARTING
2024-12-24 20:54:43 - Initializing Eureka in region us-east-1
2024-12-24 20:54:43 - Resolving eureka endpoints via configuration
2024-12-24 20:54:43 - Disable delta property : false
2024-12-24 20:54:43 - Single vip registry refresh property : null
2024-12-24 20:54:43 - Force full registry fetch : false
2024-12-24 20:54:43 - Application is null : false
2024-12-24 20:54:43 - Registered Applications size is zero : true
2024-12-24 20:54:43 - Application version is -1: true
2024-12-24 20:54:43 - Getting all instance registry info from the eureka server
2024-12-24 20:54:44 - The response status is 200
2024-12-24 20:54:44 - Starting heartbeat executor: renew interval is: 30
2024-12-24 20:54:44 - InstanceInfoReplicator onDemand update allowed rate per min is 4
2024-12-24 20:54:44 - Discovery Client initialized at timestamp 1735053884151 with initial instances count: 2
2024-12-24 20:54:44 - Registering application ORDER-SERVICE with eureka with status UP
2024-12-24 20:54:44 - Saw local status change event StatusChangeEvent [timestamp=1735053884163, current=UP, previous=STARTING]
2024-12-24 20:54:44 - DiscoveryClient_ORDER-SERVICE/ASUS.mshome.net:order-service:8084: registering service...
2024-12-24 20:54:44 - Tomcat started on port 8084 (http) with context path '/'
2024-12-24 20:54:44 - Updating port to 8084
2024-12-24 20:54:44 - Started OrderServiceApplication in 7.801 seconds (process running for 8.612)
2024-12-24 20:54:44 - DiscoveryClient_ORDER-SERVICE/ASUS.mshome.net:order-service:8084 - registration status: 204
